<?xml version="1.0" encoding="UTF-8"?>
<testng-results ignored="0" total="15" passed="15" failed="0" skipped="0">
  <reporter-output>
  </reporter-output>
  <suite started-at="2025-01-23T18:01:00 IST" name="Adactin Hotel Booking Suite" finished-at="2025-01-23T18:02:50 IST" duration-ms="109695">
    <groups>
      <group name="Book Hotel">
        <method signature="BookHotelTest.testBookingWithoutMandatoryFields()[pri:1, instance:JAT.CapstoneProject.BookHotelTest@3c947bc5]" name="testBookingWithoutMandatoryFields" class="JAT.CapstoneProject.BookHotelTest"/>
        <method signature="BookHotelTest.testBookingWithValidData()[pri:2, instance:JAT.CapstoneProject.BookHotelTest@3c947bc5]" name="testBookingWithValidData" class="JAT.CapstoneProject.BookHotelTest"/>
      </group> <!-- Book Hotel -->
      <group name="Logout">
        <method signature="LogoutTest.testVisibilityOfLogoutButton()[pri:0, instance:JAT.CapstoneProject.LogoutTest@78ffe6dc]" name="testVisibilityOfLogoutButton" class="JAT.CapstoneProject.LogoutTest"/>
        <method signature="LogoutTest.testLogoutRedirectsToLoginPage()[pri:2, instance:JAT.CapstoneProject.LogoutTest@78ffe6dc]" name="testLogoutRedirectsToLoginPage" class="JAT.CapstoneProject.LogoutTest"/>
      </group> <!-- Logout -->
      <group name="MyItinerary">
        <method signature="MyItineraryTest.testRedirectsToBookedItineraryPage()[pri:1, instance:JAT.CapstoneProject.MyItineraryTest@41c2284a]" name="testRedirectsToBookedItineraryPage" class="JAT.CapstoneProject.MyItineraryTest"/>
        <method signature="MyItineraryTest.testCancleBookingByCheckBox()[pri:2, instance:JAT.CapstoneProject.MyItineraryTest@41c2284a]" name="testCancleBookingByCheckBox" class="JAT.CapstoneProject.MyItineraryTest"/>
      </group> <!-- MyItinerary -->
      <group name="Select Hotel">
        <method signature="SelectHotelTest.verifyInvalidHotelSelection()[pri:1, instance:JAT.CapstoneProject.SelectHotelTest@6bf0219d]" name="verifyInvalidHotelSelection" class="JAT.CapstoneProject.SelectHotelTest"/>
        <method signature="SelectHotelTest.testRedirectsToBookingPage()[pri:2, instance:JAT.CapstoneProject.SelectHotelTest@6bf0219d]" name="testRedirectsToBookingPage" class="JAT.CapstoneProject.SelectHotelTest"/>
      </group> <!-- Select Hotel -->
      <group name="Login">
        <method signature="LoginTest.testLoginButtonClickability()[pri:0, instance:JAT.CapstoneProject.LoginTest@3571b748]" name="testLoginButtonClickability" class="JAT.CapstoneProject.LoginTest"/>
        <method signature="LoginTest.testLoginButtonVisibility()[pri:0, instance:JAT.CapstoneProject.LoginTest@3571b748]" name="testLoginButtonVisibility" class="JAT.CapstoneProject.LoginTest"/>
        <method signature="LoginTest.testLoginWithInValidCridentials()[pri:1, instance:JAT.CapstoneProject.LoginTest@3571b748]" name="testLoginWithInValidCridentials" class="JAT.CapstoneProject.LoginTest"/>
        <method signature="LoginTest.testLoginWithValidCridentials()[pri:2, instance:JAT.CapstoneProject.LoginTest@3571b748]" name="testLoginWithValidCridentials" class="JAT.CapstoneProject.LoginTest"/>
      </group> <!-- Login -->
      <group name="Search Hotel">
        <method signature="SearchHotelTest.testResetButton()[pri:1, instance:JAT.CapstoneProject.SearchHotelTest@28975c28]" name="testResetButton" class="JAT.CapstoneProject.SearchHotelTest"/>
        <method signature="SearchHotelTest.testSearchWithMandatoryFieldsOnly()[pri:3, instance:JAT.CapstoneProject.SearchHotelTest@28975c28]" name="testSearchWithMandatoryFieldsOnly" class="JAT.CapstoneProject.SearchHotelTest"/>
        <method signature="SearchHotelTest.testSearchWithAllFields()[pri:4, instance:JAT.CapstoneProject.SearchHotelTest@28975c28]" name="testSearchWithAllFields" class="JAT.CapstoneProject.SearchHotelTest"/>
      </group> <!-- Search Hotel -->
    </groups>
    <test started-at="2025-01-23T18:01:00 IST" name="Signup Function" finished-at="2025-01-23T18:01:00 IST" duration-ms="16">
    </test> <!-- Signup Function -->
    <test started-at="2025-01-23T18:01:01 IST" name="Login Function" finished-at="2025-01-23T18:01:17 IST" duration-ms="16728">
      <class name="JAT.CapstoneProject.LoginTest">
        <test-method is-config="true" signature="setUp()[pri:0, instance:JAT.CapstoneProject.LoginTest@3571b748]" started-at="2025-01-23T18:01:01 IST" name="setUp" finished-at="2025-01-23T18:01:09 IST" duration-ms="8426" status="PASS">
          <reporter-output>
          </reporter-output>
        </test-method> <!-- setUp -->
        <test-method signature="testLoginButtonClickability()[pri:0, instance:JAT.CapstoneProject.LoginTest@3571b748]" started-at="2025-01-23T18:01:09 IST" name="testLoginButtonClickability" finished-at="2025-01-23T18:01:09 IST" duration-ms="257" status="PASS">
          <reporter-output>
          </reporter-output>
        </test-method> <!-- testLoginButtonClickability -->
        <test-method is-config="true" signature="takeScreenshotOnFailure(org.testng.ITestResult)[pri:0, instance:JAT.CapstoneProject.LoginTest@3571b748]" started-at="2025-01-23T18:01:09 IST" name="takeScreenshotOnFailure" finished-at="2025-01-23T18:01:09 IST" duration-ms="6" status="PASS">
          <params>
            <param index="0">
              <value>
                <![CDATA[[TestResult name=testLoginButtonClickability status=SUCCESS method=LoginTest.testLoginButtonClickability()[pri:0, instance:JAT.CapstoneProject.LoginTest@3571b748] output={null}]]]>
              </value>
            </param>
          </params>
          <reporter-output>
          </reporter-output>
        </test-method> <!-- takeScreenshotOnFailure -->
        <test-method signature="testLoginButtonVisibility()[pri:0, instance:JAT.CapstoneProject.LoginTest@3571b748]" started-at="2025-01-23T18:01:09 IST" name="testLoginButtonVisibility" finished-at="2025-01-23T18:01:10 IST" duration-ms="195" status="PASS">
          <reporter-output>
          </reporter-output>
        </test-method> <!-- testLoginButtonVisibility -->
        <test-method is-config="true" signature="takeScreenshotOnFailure(org.testng.ITestResult)[pri:0, instance:JAT.CapstoneProject.LoginTest@3571b748]" started-at="2025-01-23T18:01:10 IST" name="takeScreenshotOnFailure" finished-at="2025-01-23T18:01:10 IST" duration-ms="1" status="PASS">
          <params>
            <param index="0">
              <value>
                <![CDATA[[TestResult name=testLoginButtonVisibility status=SUCCESS method=LoginTest.testLoginButtonVisibility()[pri:0, instance:JAT.CapstoneProject.LoginTest@3571b748] output={null}]]]>
              </value>
            </param>
          </params>
          <reporter-output>
          </reporter-output>
        </test-method> <!-- takeScreenshotOnFailure -->
        <test-method signature="testLoginWithInValidCridentials()[pri:1, instance:JAT.CapstoneProject.LoginTest@3571b748]" started-at="2025-01-23T18:01:10 IST" name="testLoginWithInValidCridentials" finished-at="2025-01-23T18:01:12 IST" duration-ms="2539" status="PASS">
          <reporter-output>
          </reporter-output>
        </test-method> <!-- testLoginWithInValidCridentials -->
        <test-method is-config="true" signature="takeScreenshotOnFailure(org.testng.ITestResult)[pri:0, instance:JAT.CapstoneProject.LoginTest@3571b748]" started-at="2025-01-23T18:01:12 IST" name="takeScreenshotOnFailure" finished-at="2025-01-23T18:01:12 IST" duration-ms="1" status="PASS">
          <params>
            <param index="0">
              <value>
                <![CDATA[[TestResult name=testLoginWithInValidCridentials status=SUCCESS method=LoginTest.testLoginWithInValidCridentials()[pri:1, instance:JAT.CapstoneProject.LoginTest@3571b748] output={null}]]]>
              </value>
            </param>
          </params>
          <reporter-output>
          </reporter-output>
        </test-method> <!-- takeScreenshotOnFailure -->
        <test-method signature="testLoginWithValidCridentials()[pri:2, instance:JAT.CapstoneProject.LoginTest@3571b748]" started-at="2025-01-23T18:01:12 IST" name="testLoginWithValidCridentials" finished-at="2025-01-23T18:01:15 IST" duration-ms="3325" status="PASS">
          <reporter-output>
          </reporter-output>
        </test-method> <!-- testLoginWithValidCridentials -->
        <test-method is-config="true" signature="takeScreenshotOnFailure(org.testng.ITestResult)[pri:0, instance:JAT.CapstoneProject.LoginTest@3571b748]" started-at="2025-01-23T18:01:15 IST" name="takeScreenshotOnFailure" finished-at="2025-01-23T18:01:15 IST" duration-ms="1" status="PASS">
          <params>
            <param index="0">
              <value>
                <![CDATA[[TestResult name=testLoginWithValidCridentials status=SUCCESS method=LoginTest.testLoginWithValidCridentials()[pri:2, instance:JAT.CapstoneProject.LoginTest@3571b748] output={null}]]]>
              </value>
            </param>
          </params>
          <reporter-output>
          </reporter-output>
        </test-method> <!-- takeScreenshotOnFailure -->
        <test-method is-config="true" signature="tearDown()[pri:0, instance:JAT.CapstoneProject.LoginTest@3571b748]" started-at="2025-01-23T18:01:15 IST" name="tearDown" finished-at="2025-01-23T18:01:17 IST" duration-ms="1850" status="PASS">
          <reporter-output>
          </reporter-output>
        </test-method> <!-- tearDown -->
      </class> <!-- JAT.CapstoneProject.LoginTest -->
    </test> <!-- Login Function -->
    <test started-at="2025-01-23T18:01:17 IST" name="Search Hotel Function" finished-at="2025-01-23T18:01:36 IST" duration-ms="18373">
      <class name="JAT.CapstoneProject.SearchHotelTest">
        <test-method is-config="true" signature="setUp()[pri:0, instance:JAT.CapstoneProject.SearchHotelTest@28975c28]" started-at="2025-01-23T18:01:17 IST" name="setUp" finished-at="2025-01-23T18:01:28 IST" duration-ms="10809" status="PASS">
          <reporter-output>
          </reporter-output>
        </test-method> <!-- setUp -->
        <test-method signature="testResetButton()[pri:1, instance:JAT.CapstoneProject.SearchHotelTest@28975c28]" started-at="2025-01-23T18:01:28 IST" name="testResetButton" finished-at="2025-01-23T18:01:30 IST" duration-ms="1848" status="PASS">
          <reporter-output>
          </reporter-output>
        </test-method> <!-- testResetButton -->
        <test-method is-config="true" signature="takeScreenshotOnFailure(org.testng.ITestResult)[pri:0, instance:JAT.CapstoneProject.SearchHotelTest@28975c28]" started-at="2025-01-23T18:01:30 IST" name="takeScreenshotOnFailure" finished-at="2025-01-23T18:01:30 IST" duration-ms="1" status="PASS">
          <params>
            <param index="0">
              <value>
                <![CDATA[[TestResult name=testResetButton status=SUCCESS method=SearchHotelTest.testResetButton()[pri:1, instance:JAT.CapstoneProject.SearchHotelTest@28975c28] output={null}]]]>
              </value>
            </param>
          </params>
          <reporter-output>
          </reporter-output>
        </test-method> <!-- takeScreenshotOnFailure -->
        <test-method signature="testSearchWithMandatoryFieldsOnly()[pri:3, instance:JAT.CapstoneProject.SearchHotelTest@28975c28]" started-at="2025-01-23T18:01:30 IST" name="testSearchWithMandatoryFieldsOnly" finished-at="2025-01-23T18:01:33 IST" duration-ms="2634" status="PASS">
          <reporter-output>
          </reporter-output>
        </test-method> <!-- testSearchWithMandatoryFieldsOnly -->
        <test-method is-config="true" signature="takeScreenshotOnFailure(org.testng.ITestResult)[pri:0, instance:JAT.CapstoneProject.SearchHotelTest@28975c28]" started-at="2025-01-23T18:01:33 IST" name="takeScreenshotOnFailure" finished-at="2025-01-23T18:01:33 IST" duration-ms="1" status="PASS">
          <params>
            <param index="0">
              <value>
                <![CDATA[[TestResult name=testSearchWithMandatoryFieldsOnly status=SUCCESS method=SearchHotelTest.testSearchWithMandatoryFieldsOnly()[pri:3, instance:JAT.CapstoneProject.SearchHotelTest@28975c28] output={null}]]]>
              </value>
            </param>
          </params>
          <reporter-output>
          </reporter-output>
        </test-method> <!-- takeScreenshotOnFailure -->
        <test-method signature="testSearchWithAllFields()[pri:4, instance:JAT.CapstoneProject.SearchHotelTest@28975c28]" started-at="2025-01-23T18:01:33 IST" name="testSearchWithAllFields" finished-at="2025-01-23T18:01:35 IST" duration-ms="2228" status="PASS">
          <reporter-output>
          </reporter-output>
        </test-method> <!-- testSearchWithAllFields -->
        <test-method is-config="true" signature="takeScreenshotOnFailure(org.testng.ITestResult)[pri:0, instance:JAT.CapstoneProject.SearchHotelTest@28975c28]" started-at="2025-01-23T18:01:35 IST" name="takeScreenshotOnFailure" finished-at="2025-01-23T18:01:35 IST" duration-ms="0" status="PASS">
          <params>
            <param index="0">
              <value>
                <![CDATA[[TestResult name=testSearchWithAllFields status=SUCCESS method=SearchHotelTest.testSearchWithAllFields()[pri:4, instance:JAT.CapstoneProject.SearchHotelTest@28975c28] output={null}]]]>
              </value>
            </param>
          </params>
          <reporter-output>
          </reporter-output>
        </test-method> <!-- takeScreenshotOnFailure -->
        <test-method is-config="true" signature="tearDown()[pri:0, instance:JAT.CapstoneProject.SearchHotelTest@28975c28]" started-at="2025-01-23T18:01:35 IST" name="tearDown" finished-at="2025-01-23T18:01:36 IST" duration-ms="831" status="PASS">
          <reporter-output>
          </reporter-output>
        </test-method> <!-- tearDown -->
      </class> <!-- JAT.CapstoneProject.SearchHotelTest -->
    </test> <!-- Search Hotel Function -->
    <test started-at="2025-01-23T18:01:36 IST" name="Select Hotel Function" finished-at="2025-01-23T18:01:54 IST" duration-ms="18143">
      <class name="JAT.CapstoneProject.SelectHotelTest">
        <test-method is-config="true" signature="setUp()[pri:0, instance:JAT.CapstoneProject.SelectHotelTest@6bf0219d]" started-at="2025-01-23T18:01:36 IST" name="setUp" finished-at="2025-01-23T18:01:50 IST" duration-ms="14419" status="PASS">
          <reporter-output>
          </reporter-output>
        </test-method> <!-- setUp -->
        <test-method signature="verifyInvalidHotelSelection()[pri:1, instance:JAT.CapstoneProject.SelectHotelTest@6bf0219d]" started-at="2025-01-23T18:01:50 IST" name="verifyInvalidHotelSelection" finished-at="2025-01-23T18:01:51 IST" duration-ms="1276" status="PASS">
          <reporter-output>
          </reporter-output>
        </test-method> <!-- verifyInvalidHotelSelection -->
        <test-method is-config="true" signature="takeScreenshotOnFailure(org.testng.ITestResult)[pri:0, instance:JAT.CapstoneProject.SelectHotelTest@6bf0219d]" started-at="2025-01-23T18:01:51 IST" name="takeScreenshotOnFailure" finished-at="2025-01-23T18:01:51 IST" duration-ms="1" status="PASS">
          <params>
            <param index="0">
              <value>
                <![CDATA[[TestResult name=verifyInvalidHotelSelection status=SUCCESS method=SelectHotelTest.verifyInvalidHotelSelection()[pri:1, instance:JAT.CapstoneProject.SelectHotelTest@6bf0219d] output={null}]]]>
              </value>
            </param>
          </params>
          <reporter-output>
          </reporter-output>
        </test-method> <!-- takeScreenshotOnFailure -->
        <test-method signature="testRedirectsToBookingPage()[pri:2, instance:JAT.CapstoneProject.SelectHotelTest@6bf0219d]" started-at="2025-01-23T18:01:51 IST" name="testRedirectsToBookingPage" finished-at="2025-01-23T18:01:53 IST" duration-ms="1551" status="PASS">
          <reporter-output>
          </reporter-output>
        </test-method> <!-- testRedirectsToBookingPage -->
        <test-method is-config="true" signature="takeScreenshotOnFailure(org.testng.ITestResult)[pri:0, instance:JAT.CapstoneProject.SelectHotelTest@6bf0219d]" started-at="2025-01-23T18:01:53 IST" name="takeScreenshotOnFailure" finished-at="2025-01-23T18:01:53 IST" duration-ms="1" status="PASS">
          <params>
            <param index="0">
              <value>
                <![CDATA[[TestResult name=testRedirectsToBookingPage status=SUCCESS method=SelectHotelTest.testRedirectsToBookingPage()[pri:2, instance:JAT.CapstoneProject.SelectHotelTest@6bf0219d] output={null}]]]>
              </value>
            </param>
          </params>
          <reporter-output>
          </reporter-output>
        </test-method> <!-- takeScreenshotOnFailure -->
        <test-method is-config="true" signature="tearDown()[pri:0, instance:JAT.CapstoneProject.SelectHotelTest@6bf0219d]" started-at="2025-01-23T18:01:53 IST" name="tearDown" finished-at="2025-01-23T18:01:54 IST" duration-ms="882" status="PASS">
          <reporter-output>
          </reporter-output>
        </test-method> <!-- tearDown -->
      </class> <!-- JAT.CapstoneProject.SelectHotelTest -->
    </test> <!-- Select Hotel Function -->
    <test started-at="2025-01-23T18:01:54 IST" name="Book Hotel Function" finished-at="2025-01-23T18:02:19 IST" duration-ms="25222">
      <class name="JAT.CapstoneProject.BookHotelTest">
        <test-method is-config="true" signature="setUp()[pri:0, instance:JAT.CapstoneProject.BookHotelTest@3c947bc5]" started-at="2025-01-23T18:01:54 IST" name="setUp" finished-at="2025-01-23T18:02:10 IST" duration-ms="16572" status="PASS">
          <reporter-output>
          </reporter-output>
        </test-method> <!-- setUp -->
        <test-method signature="testBookingWithoutMandatoryFields()[pri:1, instance:JAT.CapstoneProject.BookHotelTest@3c947bc5]" started-at="2025-01-23T18:02:10 IST" name="testBookingWithoutMandatoryFields" finished-at="2025-01-23T18:02:11 IST" duration-ms="805" status="PASS">
          <reporter-output>
          </reporter-output>
        </test-method> <!-- testBookingWithoutMandatoryFields -->
        <test-method is-config="true" signature="takeScreenshotOnFailure(org.testng.ITestResult)[pri:0, instance:JAT.CapstoneProject.BookHotelTest@3c947bc5]" started-at="2025-01-23T18:02:11 IST" name="takeScreenshotOnFailure" finished-at="2025-01-23T18:02:11 IST" duration-ms="1" status="PASS">
          <params>
            <param index="0">
              <value>
                <![CDATA[[TestResult name=testBookingWithoutMandatoryFields status=SUCCESS method=BookHotelTest.testBookingWithoutMandatoryFields()[pri:1, instance:JAT.CapstoneProject.BookHotelTest@3c947bc5] output={null}]]]>
              </value>
            </param>
          </params>
          <reporter-output>
          </reporter-output>
        </test-method> <!-- takeScreenshotOnFailure -->
        <test-method signature="testBookingWithValidData()[pri:2, instance:JAT.CapstoneProject.BookHotelTest@3c947bc5]" started-at="2025-01-23T18:02:11 IST" name="testBookingWithValidData" finished-at="2025-01-23T18:02:19 IST" duration-ms="7533" status="PASS">
          <reporter-output>
          </reporter-output>
        </test-method> <!-- testBookingWithValidData -->
        <test-method is-config="true" signature="takeScreenshotOnFailure(org.testng.ITestResult)[pri:0, instance:JAT.CapstoneProject.BookHotelTest@3c947bc5]" started-at="2025-01-23T18:02:19 IST" name="takeScreenshotOnFailure" finished-at="2025-01-23T18:02:19 IST" duration-ms="1" status="PASS">
          <params>
            <param index="0">
              <value>
                <![CDATA[[TestResult name=testBookingWithValidData status=SUCCESS method=BookHotelTest.testBookingWithValidData()[pri:2, instance:JAT.CapstoneProject.BookHotelTest@3c947bc5] output={null}]]]>
              </value>
            </param>
          </params>
          <reporter-output>
          </reporter-output>
        </test-method> <!-- takeScreenshotOnFailure -->
        <test-method is-config="true" signature="tearDown()[pri:0, instance:JAT.CapstoneProject.BookHotelTest@3c947bc5]" started-at="2025-01-23T18:02:19 IST" name="tearDown" finished-at="2025-01-23T18:02:19 IST" duration-ms="300" status="PASS">
          <reporter-output>
          </reporter-output>
        </test-method> <!-- tearDown -->
      </class> <!-- JAT.CapstoneProject.BookHotelTest -->
    </test> <!-- Book Hotel Function -->
    <test started-at="2025-01-23T18:02:19 IST" name="Myitinerary Function" finished-at="2025-01-23T18:02:36 IST" duration-ms="16547">
      <class name="JAT.CapstoneProject.MyItineraryTest">
        <test-method is-config="true" signature="setUp()[pri:0, instance:JAT.CapstoneProject.MyItineraryTest@41c2284a]" started-at="2025-01-23T18:02:19 IST" name="setUp" finished-at="2025-01-23T18:02:32 IST" duration-ms="12443" status="PASS">
          <reporter-output>
          </reporter-output>
        </test-method> <!-- setUp -->
        <test-method signature="testRedirectsToBookedItineraryPage()[pri:1, instance:JAT.CapstoneProject.MyItineraryTest@41c2284a]" started-at="2025-01-23T18:02:32 IST" name="testRedirectsToBookedItineraryPage" finished-at="2025-01-23T18:02:33 IST" duration-ms="1741" status="PASS">
          <reporter-output>
          </reporter-output>
        </test-method> <!-- testRedirectsToBookedItineraryPage -->
        <test-method is-config="true" signature="takeScreenshotOnFailure(org.testng.ITestResult)[pri:0, instance:JAT.CapstoneProject.MyItineraryTest@41c2284a]" started-at="2025-01-23T18:02:33 IST" name="takeScreenshotOnFailure" finished-at="2025-01-23T18:02:33 IST" duration-ms="1" status="PASS">
          <params>
            <param index="0">
              <value>
                <![CDATA[[TestResult name=testRedirectsToBookedItineraryPage status=SUCCESS method=MyItineraryTest.testRedirectsToBookedItineraryPage()[pri:1, instance:JAT.CapstoneProject.MyItineraryTest@41c2284a] output={null}]]]>
              </value>
            </param>
          </params>
          <reporter-output>
          </reporter-output>
        </test-method> <!-- takeScreenshotOnFailure -->
        <test-method signature="testCancleBookingByCheckBox()[pri:2, instance:JAT.CapstoneProject.MyItineraryTest@41c2284a]" started-at="2025-01-23T18:02:33 IST" name="testCancleBookingByCheckBox" finished-at="2025-01-23T18:02:35 IST" duration-ms="1890" status="PASS">
          <reporter-output>
          </reporter-output>
        </test-method> <!-- testCancleBookingByCheckBox -->
        <test-method is-config="true" signature="takeScreenshotOnFailure(org.testng.ITestResult)[pri:0, instance:JAT.CapstoneProject.MyItineraryTest@41c2284a]" started-at="2025-01-23T18:02:35 IST" name="takeScreenshotOnFailure" finished-at="2025-01-23T18:02:35 IST" duration-ms="1" status="PASS">
          <params>
            <param index="0">
              <value>
                <![CDATA[[TestResult name=testCancleBookingByCheckBox status=SUCCESS method=MyItineraryTest.testCancleBookingByCheckBox()[pri:2, instance:JAT.CapstoneProject.MyItineraryTest@41c2284a] output={null}]]]>
              </value>
            </param>
          </params>
          <reporter-output>
          </reporter-output>
        </test-method> <!-- takeScreenshotOnFailure -->
        <test-method is-config="true" signature="tearDown()[pri:0, instance:JAT.CapstoneProject.MyItineraryTest@41c2284a]" started-at="2025-01-23T18:02:35 IST" name="tearDown" finished-at="2025-01-23T18:02:36 IST" duration-ms="458" status="PASS">
          <reporter-output>
          </reporter-output>
        </test-method> <!-- tearDown -->
      </class> <!-- JAT.CapstoneProject.MyItineraryTest -->
    </test> <!-- Myitinerary Function -->
    <test started-at="2025-01-23T18:02:36 IST" name="Logout Function" finished-at="2025-01-23T18:02:50 IST" duration-ms="14533">
      <class name="JAT.CapstoneProject.LogoutTest">
        <test-method is-config="true" signature="setUp()[pri:0, instance:JAT.CapstoneProject.LogoutTest@78ffe6dc]" started-at="2025-01-23T18:02:36 IST" name="setUp" finished-at="2025-01-23T18:02:48 IST" duration-ms="11918" status="PASS">
          <reporter-output>
          </reporter-output>
        </test-method> <!-- setUp -->
        <test-method signature="testVisibilityOfLogoutButton()[pri:0, instance:JAT.CapstoneProject.LogoutTest@78ffe6dc]" started-at="2025-01-23T18:02:48 IST" name="testVisibilityOfLogoutButton" finished-at="2025-01-23T18:02:48 IST" duration-ms="271" status="PASS">
          <reporter-output>
          </reporter-output>
        </test-method> <!-- testVisibilityOfLogoutButton -->
        <test-method is-config="true" signature="takeScreenshotOnFailure(org.testng.ITestResult)[pri:0, instance:JAT.CapstoneProject.LogoutTest@78ffe6dc]" started-at="2025-01-23T18:02:48 IST" name="takeScreenshotOnFailure" finished-at="2025-01-23T18:02:48 IST" duration-ms="2" status="PASS">
          <params>
            <param index="0">
              <value>
                <![CDATA[[TestResult name=testVisibilityOfLogoutButton status=SUCCESS method=LogoutTest.testVisibilityOfLogoutButton()[pri:0, instance:JAT.CapstoneProject.LogoutTest@78ffe6dc] output={null}]]]>
              </value>
            </param>
          </params>
          <reporter-output>
          </reporter-output>
        </test-method> <!-- takeScreenshotOnFailure -->
        <test-method signature="testLogoutRedirectsToLoginPage()[pri:2, instance:JAT.CapstoneProject.LogoutTest@78ffe6dc]" started-at="2025-01-23T18:02:48 IST" name="testLogoutRedirectsToLoginPage" finished-at="2025-01-23T18:02:49 IST" duration-ms="1184" status="PASS">
          <reporter-output>
          </reporter-output>
        </test-method> <!-- testLogoutRedirectsToLoginPage -->
        <test-method is-config="true" signature="takeScreenshotOnFailure(org.testng.ITestResult)[pri:0, instance:JAT.CapstoneProject.LogoutTest@78ffe6dc]" started-at="2025-01-23T18:02:49 IST" name="takeScreenshotOnFailure" finished-at="2025-01-23T18:02:49 IST" duration-ms="1" status="PASS">
          <params>
            <param index="0">
              <value>
                <![CDATA[[TestResult name=testLogoutRedirectsToLoginPage status=SUCCESS method=LogoutTest.testLogoutRedirectsToLoginPage()[pri:2, instance:JAT.CapstoneProject.LogoutTest@78ffe6dc] output={null}]]]>
              </value>
            </param>
          </params>
          <reporter-output>
          </reporter-output>
        </test-method> <!-- takeScreenshotOnFailure -->
        <test-method is-config="true" signature="tearDown()[pri:0, instance:JAT.CapstoneProject.LogoutTest@78ffe6dc]" started-at="2025-01-23T18:02:49 IST" name="tearDown" finished-at="2025-01-23T18:02:50 IST" duration-ms="1144" status="PASS">
          <reporter-output>
          </reporter-output>
        </test-method> <!-- tearDown -->
      </class> <!-- JAT.CapstoneProject.LogoutTest -->
    </test> <!-- Logout Function -->
  </suite> <!-- Adactin Hotel Booking Suite -->
</testng-results>
